<?xml version="1.0" encoding="UTF-8"?>
<testsuite name="com.geektrust.backend.entities.BillGenerationTest" tests="3" skipped="0" failures="0" errors="0" timestamp="2022-10-23T16:00:18" hostname="MSI" time="0.009">
  <properties/>
  <testcase name="setTankerBillTest()" classname="com.geektrust.backend.entities.BillGenerationTest" time="0.001"/>
  <testcase name="setCorporateBillTest()" classname="com.geektrust.backend.entities.BillGenerationTest" time="0.004"/>
  <testcase name="setBoreWellBillTest()" classname="com.geektrust.backend.entities.BillGenerationTest" time="0.002"/>
  <system-out><![CDATA[]]></system-out>
  <system-err><![CDATA[]]></system-err>
</testsuite>
