<?xml version="1.0" encoding="UTF-8"?>
<testsuite name="com.geektrust.backend.commands.CommandInvokerTest" tests="1" skipped="0" failures="0" errors="0" timestamp="2022-10-23T10:26:38" hostname="MSI" time="0.007">
  <properties/>
  <testcase name="executeCommand_GivenIncorrectNameAndTokens_ShouldThrowException()" classname="com.geektrust.backend.commands.CommandInvokerTest" time="0.007"/>
  <system-out><![CDATA[]]></system-out>
  <system-err><![CDATA[]]></system-err>
</testsuite>
