<?xml version="1.0" encoding="UTF-8"?>
<testsuite name="com.geektrust.backend.services.TankerBillGenerationTest" tests="4" skipped="0" failures="0" errors="0" timestamp="2022-10-23T10:26:38" hostname="MSI" time="0.054">
  <properties/>
  <testcase name="testGenerateBill()" classname="com.geektrust.backend.services.TankerBillGenerationTest" time="0.047"/>
  <testcase name="testGenerateBillWithAppartmentObject()" classname="com.geektrust.backend.services.TankerBillGenerationTest" time="0.001"/>
  <testcase name="testGenerateBill_2()" classname="com.geektrust.backend.services.TankerBillGenerationTest" time="0.001"/>
  <testcase name="testGetSlabRates()" classname="com.geektrust.backend.services.TankerBillGenerationTest" time="0.002"/>
  <system-out><![CDATA[]]></system-out>
  <system-err><![CDATA[]]></system-err>
</testsuite>
