<?xml version="1.0" encoding="UTF-8"?>
<testsuite name="com.geektrust.backend.services.CorporationBillGenerationServiceTest" tests="3" skipped="0" failures="0" errors="0" timestamp="2022-10-23T16:00:18" hostname="MSI" time="0.005">
  <properties/>
  <testcase name="testGenerateBill()" classname="com.geektrust.backend.services.CorporationBillGenerationServiceTest" time="0.001"/>
  <testcase name="testGenerateBillWithAppartmentObject()" classname="com.geektrust.backend.services.CorporationBillGenerationServiceTest" time="0.001"/>
  <testcase name="testGenerateBill_2()" classname="com.geektrust.backend.services.CorporationBillGenerationServiceTest" time="0.001"/>
  <system-out><![CDATA[]]></system-out>
  <system-err><![CDATA[]]></system-err>
</testsuite>
